State 0:
          program ::= * obj_line
          program ::= * misc

                    GEO_VERTEX shift        10     
                 TEXTURE_COORD shift        7      
                 VERTEX_NORMAL shift        5      
                     POLY_FACE shift        2      
                  NAMED_OBJECT shift        20     
          PARAM_SPACE_VERTICES shift        18     
                       program accept
                      obj_line shift        17     
                          misc shift        19     
                        vertex shift        17       /* because vertex==obj_line */
                     tex_coord shift        17       /* because tex_coord==obj_line */
                        normal shift        17       /* because normal==obj_line */
                         index shift        17       /* because index==obj_line */
                   object_name shift        17       /* because object_name==obj_line */

State 1:
          obj_line ::= obj_line NEWLINE * obj_line

                    GEO_VERTEX shift        10     
                 TEXTURE_COORD shift        7      
                 VERTEX_NORMAL shift        5      
                     POLY_FACE shift        2      
                  NAMED_OBJECT shift        20     
                      obj_line shift        30     
                        vertex shift        30       /* because vertex==obj_line */
                     tex_coord shift        30       /* because tex_coord==obj_line */
                        normal shift        30       /* because normal==obj_line */
                         index shift        30       /* because index==obj_line */
                   object_name shift        30       /* because object_name==obj_line */

State 2:
          index ::= POLY_FACE * v_index v_index v_index
          index ::= POLY_FACE * vt_index vt_index vt_index
          index ::= POLY_FACE * vtn_index vtn_index vtn_index

                       NATURAL shift        23     
                       v_index shift        16     
                      vt_index shift        14     
                     vtn_index shift        12     

State 3:
          normal ::= VERTEX_NORMAL floating floating * floating

                       NATURAL shift-reduce 11     floating ::= NATURAL
                        NUMBER shift-reduce 10     floating ::= NUMBER
                      floating shift-reduce 2      normal ::= VERTEX_NORMAL floating floating floating

State 4:
          normal ::= VERTEX_NORMAL floating * floating floating

                       NATURAL shift-reduce 11     floating ::= NATURAL
                        NUMBER shift-reduce 10     floating ::= NUMBER
                      floating shift        3      

State 5:
          normal ::= VERTEX_NORMAL * floating floating floating

                       NATURAL shift-reduce 11     floating ::= NATURAL
                        NUMBER shift-reduce 10     floating ::= NUMBER
                      floating shift        4      

State 6:
          tex_coord ::= TEXTURE_COORD floating * floating

                       NATURAL shift-reduce 11     floating ::= NATURAL
                        NUMBER shift-reduce 10     floating ::= NUMBER
                      floating shift-reduce 1      tex_coord ::= TEXTURE_COORD floating floating

State 7:
          tex_coord ::= TEXTURE_COORD * floating floating

                       NATURAL shift-reduce 11     floating ::= NATURAL
                        NUMBER shift-reduce 10     floating ::= NUMBER
                      floating shift        6      

State 8:
          vertex ::= GEO_VERTEX floating floating * floating

                       NATURAL shift-reduce 11     floating ::= NATURAL
                        NUMBER shift-reduce 10     floating ::= NUMBER
                      floating shift-reduce 0      vertex ::= GEO_VERTEX floating floating floating

State 9:
          vertex ::= GEO_VERTEX floating * floating floating

                       NATURAL shift-reduce 11     floating ::= NATURAL
                        NUMBER shift-reduce 10     floating ::= NUMBER
                      floating shift        8      

State 10:
          vertex ::= GEO_VERTEX * floating floating floating

                       NATURAL shift-reduce 11     floating ::= NATURAL
                        NUMBER shift-reduce 10     floating ::= NUMBER
                      floating shift        9      

State 11:
          index ::= POLY_FACE vtn_index vtn_index * vtn_index

                       NATURAL shift        27     
                     vtn_index shift-reduce 5      index ::= POLY_FACE vtn_index vtn_index vtn_index

State 12:
          index ::= POLY_FACE vtn_index * vtn_index vtn_index

                       NATURAL shift        27     
                     vtn_index shift        11     

State 13:
          index ::= POLY_FACE vt_index vt_index * vt_index

                       NATURAL shift        29     
                      vt_index shift-reduce 4      index ::= POLY_FACE vt_index vt_index vt_index

State 14:
          index ::= POLY_FACE vt_index * vt_index vt_index

                       NATURAL shift        29     
                      vt_index shift        13     

State 15:
          index ::= POLY_FACE v_index v_index * v_index

                       NATURAL shift-reduce 7      v_index ::= NATURAL
                       v_index shift-reduce 3      index ::= POLY_FACE v_index v_index v_index

State 16:
          index ::= POLY_FACE v_index * v_index v_index

                       NATURAL shift-reduce 7      v_index ::= NATURAL
                       v_index shift        15     

State 17:
     (12) program ::= obj_line *
          obj_line ::= obj_line * NEWLINE obj_line

                             $ reduce       12     program ::= obj_line
                       NEWLINE shift        1      

State 18:
          misc ::= PARAM_SPACE_VERTICES * LINE_ELEMENT

                  LINE_ELEMENT shift-reduce 20     misc ::= PARAM_SPACE_VERTICES LINE_ELEMENT

State 19:
     (13) program ::= misc *

                             $ reduce       13     program ::= misc

State 20:
          object_name ::= NAMED_OBJECT * OBJECT_NAME

                   OBJECT_NAME shift-reduce 6      object_name ::= NAMED_OBJECT OBJECT_NAME

State 21:
      (8) vt_index ::= NATURAL SLASH NATURAL *
          vtn_index ::= NATURAL SLASH NATURAL * SLASH NATURAL

                         SLASH shift        24     
                     {default} reduce       8      vt_index ::= NATURAL SLASH NATURAL

State 22:
          vt_index ::= NATURAL SLASH * NATURAL
          vtn_index ::= NATURAL SLASH * NATURAL SLASH NATURAL

                       NATURAL shift        21     

State 23:
      (7) v_index ::= NATURAL *
          vt_index ::= NATURAL * SLASH NATURAL
          vtn_index ::= NATURAL * SLASH NATURAL SLASH NATURAL

                         SLASH shift        22     
                     {default} reduce       7      v_index ::= NATURAL

State 24:
          vtn_index ::= NATURAL SLASH NATURAL SLASH * NATURAL

                       NATURAL shift-reduce 9      vtn_index ::= NATURAL SLASH NATURAL SLASH NATURAL

State 25:
          vtn_index ::= NATURAL SLASH NATURAL * SLASH NATURAL

                         SLASH shift        24     

State 26:
          vtn_index ::= NATURAL SLASH * NATURAL SLASH NATURAL

                       NATURAL shift        25     

State 27:
          vtn_index ::= NATURAL * SLASH NATURAL SLASH NATURAL

                         SLASH shift        26     

State 28:
          vt_index ::= NATURAL SLASH * NATURAL

                       NATURAL shift-reduce 8      vt_index ::= NATURAL SLASH NATURAL

State 29:
          vt_index ::= NATURAL * SLASH NATURAL

                         SLASH shift        28     

State 30:
          obj_line ::= obj_line * NEWLINE obj_line
     (19) obj_line ::= obj_line NEWLINE obj_line *

                       NEWLINE shift        1      
                       NEWLINE reduce       19      ** Parsing conflict **
                     {default} reduce       19     obj_line ::= obj_line NEWLINE obj_line

----------------------------------------------------
Symbols:
The first-set of non-terminals is shown after the name.

    0: $:
    1: NEWLINE
    2: GEO_VERTEX
    3: TEXTURE_COORD
    4: VERTEX_NORMAL
    5: POLY_FACE
    6: NAMED_OBJECT
    7: OBJECT_NAME
    8: NATURAL
    9: SLASH
   10: NUMBER
   11: PARAM_SPACE_VERTICES
   12: LINE_ELEMENT
   13: program: GEO_VERTEX TEXTURE_COORD VERTEX_NORMAL POLY_FACE NAMED_OBJECT PARAM_SPACE_VERTICES
   14: obj_line: GEO_VERTEX TEXTURE_COORD VERTEX_NORMAL POLY_FACE NAMED_OBJECT
   15: misc: PARAM_SPACE_VERTICES
   16: vertex: GEO_VERTEX
   17: tex_coord: TEXTURE_COORD
   18: normal: VERTEX_NORMAL
   19: index: POLY_FACE
   20: object_name: NAMED_OBJECT
   21: floating: NATURAL NUMBER
   22: v_index: NATURAL
   23: vt_index: NATURAL
   24: vtn_index: NATURAL
----------------------------------------------------
Syntax-only Symbols:
The following symbols never carry semantic content.

$ NEWLINE GEO_VERTEX TEXTURE_COORD VERTEX_NORMAL POLY_FACE NAMED_OBJECT
SLASH PARAM_SPACE_VERTICES LINE_ELEMENT program obj_line misc vertex
tex_coord normal index object_name
----------------------------------------------------
Rules:
   0: vertex ::= GEO_VERTEX floating floating floating.
   1: tex_coord ::= TEXTURE_COORD floating floating.
   2: normal ::= VERTEX_NORMAL floating floating floating.
   3: index ::= POLY_FACE v_index v_index v_index.
   4: index ::= POLY_FACE vt_index vt_index vt_index.
   5: index ::= POLY_FACE vtn_index vtn_index vtn_index.
   6: object_name ::= NAMED_OBJECT OBJECT_NAME.
   7: v_index ::= NATURAL.
   8: vt_index ::= NATURAL SLASH NATURAL.
   9: vtn_index ::= NATURAL SLASH NATURAL SLASH NATURAL.
  10: floating ::= NUMBER.
  11: floating ::= NATURAL.
  12: program ::= obj_line.
  13: program ::= misc.
  14: obj_line ::= vertex.
  15: obj_line ::= tex_coord.
  16: obj_line ::= normal.
  17: obj_line ::= index.
  18: obj_line ::= object_name.
  19: obj_line ::= obj_line NEWLINE obj_line.
  20: misc ::= PARAM_SPACE_VERTICES LINE_ELEMENT.
